INFO: [SIM 2] *************** CSIM start ***************
INFO: [SIM 4] CSIM will launch GCC as the compiler.
   Compiling(apcc) ../../../../main.c in debug mode
INFO: [HLS 200-10] Running 'C:/Xilinx/Vitis_HLS/2021.1/bin/unwrapped/win64.o/apcc.exe'
INFO: [HLS 200-10] For user 'wesle' on host 'desktop-2r9vpf6' (Windows NT_amd64 version 6.2) on Mon Oct 31 16:40:18 -0300 2022
INFO: [HLS 200-10] In directory 'C:/Projetos/HLS/compressor_hls/compressor_hls/solution1/csim/build'
INFO: [APCC 202-3] Tmp directory is apcc_db
INFO: [APCC 202-1] APCC is done.
   Compiling(apcc) ../../../../predictor.c in debug mode
INFO: [HLS 200-10] Running 'C:/Xilinx/Vitis_HLS/2021.1/bin/unwrapped/win64.o/apcc.exe'
INFO: [HLS 200-10] For user 'wesle' on host 'desktop-2r9vpf6' (Windows NT_amd64 version 6.2) on Mon Oct 31 16:40:23 -0300 2022
INFO: [HLS 200-10] In directory 'C:/Projetos/HLS/compressor_hls/compressor_hls/solution1/csim/build'
INFO: [APCC 202-3] Tmp directory is apcc_db
INFO: [APCC 202-1] APCC is done.
   Compiling(apcc) ../../../../sample_adaptative.c in debug mode
INFO: [HLS 200-10] Running 'C:/Xilinx/Vitis_HLS/2021.1/bin/unwrapped/win64.o/apcc.exe'
INFO: [HLS 200-10] For user 'wesle' on host 'desktop-2r9vpf6' (Windows NT_amd64 version 6.2) on Mon Oct 31 16:40:28 -0300 2022
INFO: [HLS 200-10] In directory 'C:/Projetos/HLS/compressor_hls/compressor_hls/solution1/csim/build'
INFO: [APCC 202-3] Tmp directory is apcc_db
INFO: [APCC 202-1] APCC is done.
   Generating csim.exe
ERR: [SIM 100] CSim failed with errors.
INFO: [SIM 3] *************** CSIM finish ***************
